[2025-11-04 22:57:49] Traceback (most recent call last):
  File "c:\Users\rafae\Desktop\IBM-SENA\algotirmos UniAndes\todos juntos\algoritmos\Pro_Riesgo_Finanzas\.venv311\red_neuronal.py", line 133, in <module>
    import seaborn as sns
ModuleNotFoundError: No module named 'seaborn'

[2025-11-04 22:58:19] Traceback (most recent call last):
  File "c:\Users\rafae\Desktop\IBM-SENA\algotirmos UniAndes\todos juntos\algoritmos\Pro_Riesgo_Finanzas\.venv311\red_neuronal.py", line 133, in <module>
    import seaborn as sns
ModuleNotFoundError: No module named 'seaborn'

[2025-11-04 22:59:53] Traceback (most recent call last):
  File "c:\Users\rafae\Desktop\IBM-SENA\algotirmos UniAndes\todos juntos\algoritmos\Pro_Riesgo_Finanzas\.venv311\red_neuronal.py", line 140, in <module>
    raise FileNotFoundError("No se encontró 'predicciones_pronosticos.csv'. Ejecuta primero pronosticos.py")
FileNotFoundError: No se encontró 'predicciones_pronosticos.csv'. Ejecuta primero pronosticos.py

[2025-11-04 23:00:26] Traceback (most recent call last):
  File "c:\Users\rafae\Desktop\IBM-SENA\algotirmos UniAndes\todos juntos\algoritmos\Pro_Riesgo_Finanzas\.venv311\red_neuronal.py", line 140, in <module>
    raise FileNotFoundError("No se encontró 'predicciones_pronosticos.csv'. Ejecuta primero pronosticos.py")
FileNotFoundError: No se encontró 'predicciones_pronosticos.csv'. Ejecuta primero pronosticos.py

[2025-11-04 23:02:46] Traceback (most recent call last):
  File "c:\Users\rafae\Desktop\IBM-SENA\algotirmos UniAndes\todos juntos\algoritmos\Pro_Riesgo_Finanzas\.venv311\red_neuronal.py", line 140, in <module>
    raise FileNotFoundError("No se encontró 'predicciones_pronosticos.csv'. Ejecuta primero pronosticos.py")
FileNotFoundError: No se encontró 'predicciones_pronosticos.csv'. Ejecuta primero pronosticos.py

2025-11-04 23:07:32.108263 - Error en la ejecución de pronosticos.py
Traceback (most recent call last):
  File "c:\Users\rafae\Desktop\IBM-SENA\algotirmos UniAndes\todos juntos\algoritmos\Pro_Riesgo_Finanzas\.venv311\red_neuronal.py", line 40, in <module>
    raise RuntimeError("Error en la ejecución de pronosticos.py")
RuntimeError: Error en la ejecución de pronosticos.py
2025-11-04 23:13:27.770841 - Error en la ejecución de pronosticos.py
Traceback (most recent call last):
  File "c:\Users\rafae\Desktop\IBM-SENA\algotirmos UniAndes\todos juntos\algoritmos\Pro_Riesgo_Finanzas\.venv311\red_neuronal.py", line 40, in <module>
    raise RuntimeError("Error en la ejecución de pronosticos.py")
RuntimeError: Error en la ejecución de pronosticos.py
2025-11-04 23:14:38.444741 - Error en la ejecución de pronosticos.py
Traceback (most recent call last):
  File "c:\Users\rafae\Desktop\IBM-SENA\algotirmos UniAndes\todos juntos\algoritmos\Pro_Riesgo_Finanzas\.venv311\red_neuronal.py", line 40, in <module>
    raise RuntimeError("Error en la ejecución de pronosticos.py")
RuntimeError: Error en la ejecución de pronosticos.py
2025-11-04 23:17:37.465095 - Error en la ejecución de pronosticos.py
Traceback (most recent call last):
  File "c:\Users\rafae\Desktop\IBM-SENA\algotirmos UniAndes\todos juntos\algoritmos\Pro_Riesgo_Finanzas\.venv311\red_neuronal.py", line 40, in <module>
    raise RuntimeError("Error en la ejecución de pronosticos.py")
RuntimeError: Error en la ejecución de pronosticos.py
2025-11-04 23:18:19.492443 - Error en la ejecución de pronosticos.py
Traceback (most recent call last):
  File "c:\Users\rafae\Desktop\IBM-SENA\algotirmos UniAndes\todos juntos\algoritmos\Pro_Riesgo_Finanzas\.venv311\red_neuronal.py", line 49, in <module>
    raise RuntimeError("Error en la ejecución de pronosticos.py")
RuntimeError: Error en la ejecución de pronosticos.py
2025-11-04 23:22:02.333259 - Error en la ejecución de pronosticos.py
Traceback (most recent call last):
  File "c:\Users\rafae\Desktop\IBM-SENA\algotirmos UniAndes\todos juntos\algoritmos\Pro_Riesgo_Finanzas\.venv311\red_neuronal.py", line 49, in <module>
    raise RuntimeError("Error en la ejecución de pronosticos.py")
RuntimeError: Error en la ejecución de pronosticos.py
2025-11-04 23:23:10.025490 - Error en la ejecución de pronosticos.py
Traceback (most recent call last):
  File "c:\Users\rafae\Desktop\IBM-SENA\algotirmos UniAndes\todos juntos\algoritmos\Pro_Riesgo_Finanzas\.venv311\red_neuronal.py", line 49, in <module>
    raise RuntimeError("Error en la ejecución de pronosticos.py")
RuntimeError: Error en la ejecución de pronosticos.py
2025-11-04T23:39:49.990938 | Traceback (most recent call last):
  File "C:\Users\rafae\Desktop\IBM-SENA\algotirmos UniAndes\todos juntos\algoritmos\Pro_Riesgo_Finanzas\pronosticos.py", line 196, in <module>
    print("\U0001f6e1\ufe0f Iniciando ejecución segura del módulo de pronósticos...\n")
  File "C:\Program Files\Python311\Lib\encodings\cp1252.py", line 19, in encode
    return codecs.charmap_encode(input,self.errors,encoding_table)[0]
           ^^^^^^^^^^^^^^^^^^^^^^^^^^^^^^^^^^^^^^^^^^^^^^^^^^^^^^^
UnicodeEncodeError: 'charmap' codec can't encode characters in position 0-1: character maps to <undefined>

2025-11-04T23:40:20.544942 | Traceback (most recent call last):
  File "C:\Users\rafae\Desktop\IBM-SENA\algotirmos UniAndes\todos juntos\algoritmos\Pro_Riesgo_Finanzas\pronosticos.py", line 196, in <module>
    print("\U0001f6e1\ufe0f Iniciando ejecución segura del módulo de pronósticos...\n")
  File "C:\Program Files\Python311\Lib\encodings\cp1252.py", line 19, in encode
    return codecs.charmap_encode(input,self.errors,encoding_table)[0]
           ^^^^^^^^^^^^^^^^^^^^^^^^^^^^^^^^^^^^^^^^^^^^^^^^^^^^^^^
UnicodeEncodeError: 'charmap' codec can't encode characters in position 0-1: character maps to <undefined>

2025-11-04T23:52:16.370350 | Traceback (most recent call last):
  File "C:\Users\rafae\Desktop\IBM-SENA\algotirmos UniAndes\todos juntos\algoritmos\Pro_Riesgo_Finanzas\pronosticos.py", line 196, in <module>
    print("\U0001f6e1\ufe0f Iniciando ejecución segura del módulo de pronósticos...\n")
  File "C:\Program Files\Python311\Lib\encodings\cp1252.py", line 19, in encode
    return codecs.charmap_encode(input,self.errors,encoding_table)[0]
           ^^^^^^^^^^^^^^^^^^^^^^^^^^^^^^^^^^^^^^^^^^^^^^^^^^^^^^^
UnicodeEncodeError: 'charmap' codec can't encode characters in position 0-1: character maps to <undefined>

2025-11-05T00:00:54.102158 | Traceback (most recent call last):
  File "C:\Users\rafae\Desktop\IBM-SENA\algotirmos UniAndes\todos juntos\algoritmos\Pro_Riesgo_Finanzas\pronosticos.py", line 196, in <module>
    print("\U0001f6e1\ufe0f Iniciando ejecución segura del módulo de pronósticos...\n")
  File "C:\Program Files\Python311\Lib\encodings\cp1252.py", line 19, in encode
    return codecs.charmap_encode(input,self.errors,encoding_table)[0]
           ^^^^^^^^^^^^^^^^^^^^^^^^^^^^^^^^^^^^^^^^^^^^^^^^^^^^^^^
UnicodeEncodeError: 'charmap' codec can't encode characters in position 0-1: character maps to <undefined>

2025-11-05T00:10:24.728726 | STDERR pronosticos.py:
Traceback (most recent call last):
  File "C:\Users\rafae\Desktop\IBM-SENA\algotirmos UniAndes\todos juntos\algoritmos\Pro_Riesgo_Finanzas\pronosticos.py", line 196, in <module>
    print("\U0001f6e1\ufe0f Iniciando ejecución segura del módulo de pronósticos...\n")
  File "C:\Program Files\Python311\Lib\encodings\cp1252.py", line 19, in encode
    return codecs.charmap_encode(input,self.errors,encoding_table)[0]
           ^^^^^^^^^^^^^^^^^^^^^^^^^^^^^^^^^^^^^^^^^^^^^^^^^^^^^^^
UnicodeEncodeError: 'charmap' codec can't encode characters in position 0-1: character maps to <undefined>

